bridginglibrarydemo/build/intermediates/manifest_merge_blame_file/debug/processDebugManifest/manifest-merger-blame-debug-report.txt
1<?xml version="1.0" encoding="utf-8"?>
2<manifest xmlns:android="http://schemas.android.com/apk/res/android"
3    package="com.bridginglibrarydemo" >
4
5    <uses-sdk android:minSdkVersion="26" />
6
7    <application
7-->src/main/AndroidManifest.xml:4:5-10:53
8        android:allowBackup="true"
8-->src/main/AndroidManifest.xml:5:9-35
9        android:icon="@mipmap/ic_launcher"
9-->src/main/AndroidManifest.xml:6:9-43
10        android:label="@string/app_name"
10-->src/main/AndroidManifest.xml:7:9-41
11        android:roundIcon="@mipmap/ic_launcher_round"
11-->src/main/AndroidManifest.xml:8:9-54
12        android:supportsRtl="true"
12-->src/main/AndroidManifest.xml:9:9-35
13        android:theme="@style/Theme.BridgingDemo" />
13-->src/main/AndroidManifest.xml:10:9-50
14
15</manifest>